2024-11-09 11:25:24 - ERROR - 2024-11-09 11:25:24 - Error updating blockchain info: could not convert string to float: ''
2024-11-09 11:25:24 - ERROR - 2024-11-09 11:25:24 - Failed to reconnect. Will try again in the next update. -32601: Method not found
2024-11-09 11:25:24 - ERROR - 2024-11-09 11:25:24 - Error updating blockchain info: could not convert string to float: ''
2024-11-09 11:25:24 - ERROR - 2024-11-09 11:25:24 - Failed to reconnect. Will try again in the next update. -32601: Method not found
2024-11-09 11:37:01 - ERROR - 2024-11-09 11:37:01 - Error updating blockchain info: [WinError 10053] An established connection was aborted by the software in your host machine
2024-11-09 11:37:01 - ERROR - 2024-11-09 11:37:01 - Failed to reconnect. Will try again in the next update. Request-sent
2024-11-09 11:47:01 - ERROR - 2024-11-09 11:47:01 - Error updating blockchain info: Request-sent
2024-11-09 11:47:01 - ERROR - 2024-11-09 11:47:01 - Failed to reconnect. Will try again in the next update. Request-sent
2024-11-09 11:52:24 - ERROR - 2024-11-09 11:52:24 - Error updating blockchain info: -342: non-JSON HTTP response with '401 Unauthorized' from server
2024-11-09 11:52:24 - ERROR - 2024-11-09 11:52:24 - Failed to reconnect. Will try again in the next update. Request-sent
2024-11-09 11:52:24 - ERROR - 2024-11-09 11:52:24 - Error updating blockchain info: Request-sent
2024-11-09 11:52:24 - ERROR - 2024-11-09 11:52:24 - Failed to reconnect. Will try again in the next update. Request-sent
2024-11-09 11:59:57 - ERROR - 2024-11-09 11:59:57 - Error updating blockchain info: -342: non-JSON HTTP response with '401 Unauthorized' from server
2024-11-09 11:59:57 - ERROR - 2024-11-09 11:59:57 - Failed to reconnect. Will try again in the next update. Request-sent
2024-11-09 11:59:57 - ERROR - 2024-11-09 11:59:57 - Error updating blockchain info: Request-sent
2024-11-09 11:59:57 - ERROR - 2024-11-09 11:59:57 - Failed to reconnect. Will try again in the next update. Request-sent
2024-11-09 13:41:20 - ERROR - 2024-11-09 13:41:20 - Error updating blockchain info: -342: non-JSON HTTP response with '401 Unauthorized' from server
2024-11-09 13:41:20 - ERROR - 2024-11-09 13:41:20 - Failed to reconnect. Will try again in the next update. Request-sent
2024-11-09 13:41:20 - ERROR - 2024-11-09 13:41:20 - Error updating blockchain info: Request-sent
2024-11-09 13:41:20 - ERROR - 2024-11-09 13:41:20 - Failed to reconnect. Will try again in the next update. Request-sent
2024-11-09 13:51:44 - ERROR - 2024-11-09 13:51:44 - Error updating blockchain info: name 'label_widgets' is not defined
2024-11-09 13:51:44 - ERROR - 2024-11-09 13:51:44 - Failed to reconnect. Will try again in the next update. -32601: Method not found
2024-11-09 13:51:44 - ERROR - 2024-11-09 13:51:44 - Error updating blockchain info: name 'label_widgets' is not defined
2024-11-09 13:51:44 - ERROR - 2024-11-09 13:51:44 - Failed to reconnect. Will try again in the next update. -32601: Method not found
2024-11-09 13:52:18 - ERROR - 2024-11-09 13:52:18 - Error updating blockchain info: 'Headers'
2024-11-09 13:52:18 - ERROR - 2024-11-09 13:52:18 - Failed to reconnect. Will try again in the next update. -32601: Method not found
2024-11-09 13:52:18 - ERROR - 2024-11-09 13:52:18 - Error updating blockchain info: 'Headers'
2024-11-09 13:52:18 - ERROR - 2024-11-09 13:52:18 - Failed to reconnect. Will try again in the next update. -32601: Method not found
2024-11-09 13:57:34 - ERROR - 2024-11-09 13:57:34 - Error updating blockchain info: unsupported operand type(s) for +: 'int' and 'str'
2024-11-09 13:57:34 - ERROR - 2024-11-09 13:57:34 - Failed to reconnect. Will try again in the next update. -32601: Method not found
2024-11-09 13:57:34 - ERROR - 2024-11-09 13:57:34 - Error updating blockchain info: unsupported operand type(s) for +: 'int' and 'str'
2024-11-09 13:57:34 - ERROR - 2024-11-09 13:57:34 - Failed to reconnect. Will try again in the next update. -32601: Method not found
2024-11-09 13:58:13 - ERROR - 2024-11-09 13:58:13 - Error updating blockchain info: unsupported operand type(s) for +: 'int' and 'str'
2024-11-09 13:58:13 - ERROR - 2024-11-09 13:58:13 - Failed to reconnect. Will try again in the next update. -32601: Method not found
2024-11-09 13:58:13 - ERROR - 2024-11-09 13:58:13 - Error updating blockchain info: unsupported operand type(s) for +: 'int' and 'str'
2024-11-09 13:58:13 - ERROR - 2024-11-09 13:58:13 - Failed to reconnect. Will try again in the next update. -32601: Method not found
2024-11-09 14:17:22 - ERROR - Error updating price chart: Axis.set_major_formatter() got an unexpected keyword argument 'color'
2024-11-09 14:17:22 - ERROR - Error fetching price data: 429 Client Error: Too Many Requests for url: https://api.coingecko.com/api/v3/simple/price?ids=bitcoin&vs_currencies=usd
2024-11-09 14:17:22 - ERROR - Error updating price chart: '>=' not supported between instances of 'NoneType' and 'int'
2024-11-09 14:18:00 - ERROR - Error fetching price data: 429 Client Error: Too Many Requests for url: https://api.coingecko.com/api/v3/simple/price?ids=bitcoin&vs_currencies=usd
2024-11-09 14:18:00 - ERROR - Error updating price chart: '>=' not supported between instances of 'NoneType' and 'int'
2024-11-09 14:18:00 - ERROR - Error fetching price data: 429 Client Error: Too Many Requests for url: https://api.coingecko.com/api/v3/simple/price?ids=bitcoin&vs_currencies=usd
2024-11-09 14:18:00 - ERROR - Error updating price chart: '>=' not supported between instances of 'NoneType' and 'int'
2024-11-09 14:26:03 - ERROR - Error updating price chart: 'Headers'
2024-11-09 14:26:04 - ERROR - Error updating price chart: 'Headers'
2024-11-09 14:27:12 - ERROR - Error updating price chart: 'Headers'
2024-11-09 14:27:13 - ERROR - Error fetching price data: 429 Client Error: Too Many Requests for url: https://api.coingecko.com/api/v3/simple/price?ids=bitcoin&vs_currencies=usd
2024-11-09 14:27:13 - ERROR - Error updating price chart: '>=' not supported between instances of 'NoneType' and 'int'
2024-11-09 14:31:03 - ERROR - Error updating price chart: 'Headers'
2024-11-09 14:31:03 - ERROR - Error updating price chart: 'Headers'
2024-11-09 14:32:15 - ERROR - Error updating price chart: 'Headers'
2024-11-09 14:32:16 - ERROR - Error fetching price data: 429 Client Error: Too Many Requests for url: https://api.coingecko.com/api/v3/coins/bitcoin/market_chart/range?vs_currency=usd&from=1731094335&to=1731180735
2024-11-09 14:32:16 - ERROR - Error updating price chart: '>=' not supported between instances of 'NoneType' and 'int'
2024-11-09 14:33:01 - ERROR - Error fetching price data: 429 Client Error: Too Many Requests for url: https://api.coingecko.com/api/v3/simple/price?ids=bitcoin&vs_currencies=usd
2024-11-09 14:33:01 - ERROR - Error updating price chart: '>=' not supported between instances of 'NoneType' and 'int'
2024-11-09 14:33:01 - ERROR - Error fetching price data: 429 Client Error: Too Many Requests for url: https://api.coingecko.com/api/v3/simple/price?ids=bitcoin&vs_currencies=usd
2024-11-09 14:33:01 - ERROR - Error updating price chart: '>=' not supported between instances of 'NoneType' and 'int'
2024-11-09 14:33:16 - ERROR - Error updating price chart: 'Headers'
2024-11-09 14:33:17 - ERROR - Error fetching price data: 429 Client Error: Too Many Requests for url: https://api.coingecko.com/api/v3/coins/bitcoin/market_chart/range?vs_currency=usd&from=1731094396&to=1731180796
2024-11-09 14:33:17 - ERROR - Error updating price chart: '>=' not supported between instances of 'NoneType' and 'int'
2024-11-09 14:39:05 - ERROR - Error updating price chart: 'Headers'
2024-11-09 14:39:05 - ERROR - Error updating price chart: 'Headers'
2024-11-09 14:46:12 - ERROR - Error updating price chart: 'Bitcoin Price'
2024-11-09 14:46:12 - ERROR - Error updating price chart: 'Bitcoin Price'
2024-11-09 14:49:12 - ERROR - Error updating price chart: 'Bitcoin Price'
2024-11-09 14:49:12 - ERROR - Error updating price chart: 'Bitcoin Price'
2024-11-09 14:49:46 - ERROR - Error fetching price data: 429 Client Error: Too Many Requests for url: https://api.coingecko.com/api/v3/coins/bitcoin/market_chart/range?vs_currency=usd&from=1731095386&to=1731181786
2024-11-09 14:49:46 - ERROR - Error updating price chart: '>=' not supported between instances of 'NoneType' and 'int'
2024-11-09 14:49:46 - ERROR - Error fetching price data: 429 Client Error: Too Many Requests for url: https://api.coingecko.com/api/v3/simple/price?ids=bitcoin&vs_currencies=usd
2024-11-09 14:49:46 - ERROR - Error updating price chart: '>=' not supported between instances of 'NoneType' and 'int'
2024-11-09 14:49:51 - ERROR - Error fetching price data: 429 Client Error: Too Many Requests for url: https://api.coingecko.com/api/v3/simple/price?ids=bitcoin&vs_currencies=usd
2024-11-09 14:49:51 - ERROR - Error updating price chart: '>=' not supported between instances of 'NoneType' and 'int'
2024-11-09 14:49:52 - ERROR - Error fetching price data: 429 Client Error: Too Many Requests for url: https://api.coingecko.com/api/v3/simple/price?ids=bitcoin&vs_currencies=usd
2024-11-09 14:49:52 - ERROR - Error updating price chart: '>=' not supported between instances of 'NoneType' and 'int'
2024-11-09 14:50:09 - ERROR - Error fetching price data: 429 Client Error: Too Many Requests for url: https://api.coingecko.com/api/v3/simple/price?ids=bitcoin&vs_currencies=usd
2024-11-09 14:50:09 - ERROR - Error updating price chart: '>=' not supported between instances of 'NoneType' and 'int'
2024-11-09 14:50:10 - ERROR - Error fetching price data: 429 Client Error: Too Many Requests for url: https://api.coingecko.com/api/v3/simple/price?ids=bitcoin&vs_currencies=usd
2024-11-09 14:50:10 - ERROR - Error updating price chart: '>=' not supported between instances of 'NoneType' and 'int'
2024-11-09 14:50:27 - ERROR - Error fetching price data: 429 Client Error: Too Many Requests for url: https://api.coingecko.com/api/v3/simple/price?ids=bitcoin&vs_currencies=usd
2024-11-09 14:50:27 - ERROR - Error updating price chart: '>=' not supported between instances of 'NoneType' and 'int'
2024-11-09 14:50:27 - ERROR - Error fetching price data: 429 Client Error: Too Many Requests for url: https://api.coingecko.com/api/v3/simple/price?ids=bitcoin&vs_currencies=usd
2024-11-09 14:50:27 - ERROR - Error updating price chart: '>=' not supported between instances of 'NoneType' and 'int'
2024-11-09 14:50:49 - ERROR - Error updating price chart: 'Bitcoin Price'
2024-11-09 14:50:50 - ERROR - Error updating price chart: 'Bitcoin Price'
2024-11-09 14:53:08 - ERROR - Error updating price chart: 'Bitcoin Price'
2024-11-09 14:53:09 - ERROR - Error updating price chart: 'Bitcoin Price'
2024-11-09 14:53:53 - ERROR - Error fetching price data: 429 Client Error: Too Many Requests for url: https://api.coingecko.com/api/v3/coins/bitcoin/market_chart/range?vs_currency=usd&from=1731095633&to=1731182033
2024-11-09 14:53:53 - ERROR - Error updating price chart: '>=' not supported between instances of 'NoneType' and 'int'
2024-11-09 14:53:53 - ERROR - Error fetching price data: 429 Client Error: Too Many Requests for url: https://api.coingecko.com/api/v3/simple/price?ids=bitcoin&vs_currencies=usd
2024-11-09 14:53:53 - ERROR - Error updating price chart: '>=' not supported between instances of 'NoneType' and 'int'
2024-11-09 14:56:15 - ERROR - Error updating price chart: '#orange' is not a valid value for color: supported inputs are (r, g, b) and (r, g, b, a) 0-1 float tuples; '#rrggbb', '#rrggbbaa', '#rgb', '#rgba' strings; named color strings; string reprs of 0-1 floats for grayscale values; 'C0', 'C1', ... strings for colors of the color cycle; and pairs combining one of the above with an alpha value
2024-11-09 14:56:15 - ERROR - Error updating price chart: '#orange' is not a valid value for color: supported inputs are (r, g, b) and (r, g, b, a) 0-1 float tuples; '#rrggbb', '#rrggbbaa', '#rgb', '#rgba' strings; named color strings; string reprs of 0-1 floats for grayscale values; 'C0', 'C1', ... strings for colors of the color cycle; and pairs combining one of the above with an alpha value
2024-11-09 14:56:37 - ERROR - Error fetching price data: 429 Client Error: Too Many Requests for url: https://api.coingecko.com/api/v3/coins/bitcoin/market_chart/range?vs_currency=usd&from=1731095797&to=1731182197
2024-11-09 14:56:37 - ERROR - Error updating price chart: '>=' not supported between instances of 'NoneType' and 'int'
2024-11-09 14:56:38 - ERROR - Error fetching price data: 429 Client Error: Too Many Requests for url: https://api.coingecko.com/api/v3/simple/price?ids=bitcoin&vs_currencies=usd
2024-11-09 14:56:38 - ERROR - Error updating price chart: '>=' not supported between instances of 'NoneType' and 'int'
2024-11-09 14:57:12 - ERROR - Error fetching price data: 429 Client Error: Too Many Requests for url: https://api.coingecko.com/api/v3/simple/price?ids=bitcoin&vs_currencies=usd
2024-11-09 14:57:12 - ERROR - Error updating price chart: '>=' not supported between instances of 'NoneType' and 'int'
2024-11-09 14:57:12 - ERROR - Error fetching price data: 429 Client Error: Too Many Requests for url: https://api.coingecko.com/api/v3/simple/price?ids=bitcoin&vs_currencies=usd
2024-11-09 14:57:12 - ERROR - Error updating price chart: '>=' not supported between instances of 'NoneType' and 'int'
2024-11-09 14:57:46 - ERROR - Error updating price chart: '#orange' is not a valid value for color: supported inputs are (r, g, b) and (r, g, b, a) 0-1 float tuples; '#rrggbb', '#rrggbbaa', '#rgb', '#rgba' strings; named color strings; string reprs of 0-1 floats for grayscale values; 'C0', 'C1', ... strings for colors of the color cycle; and pairs combining one of the above with an alpha value
2024-11-09 14:57:46 - ERROR - Error updating price chart: '#orange' is not a valid value for color: supported inputs are (r, g, b) and (r, g, b, a) 0-1 float tuples; '#rrggbb', '#rrggbbaa', '#rgb', '#rgba' strings; named color strings; string reprs of 0-1 floats for grayscale values; 'C0', 'C1', ... strings for colors of the color cycle; and pairs combining one of the above with an alpha value
2024-11-09 14:58:05 - ERROR - Error updating price chart: 'Bitcoin Price'
2024-11-09 14:58:06 - ERROR - Error fetching price data: 429 Client Error: Too Many Requests for url: https://api.coingecko.com/api/v3/simple/price?ids=bitcoin&vs_currencies=usd
2024-11-09 14:58:06 - ERROR - Error updating price chart: '>=' not supported between instances of 'NoneType' and 'int'
2024-11-09 15:02:36 - ERROR - Error updating price chart: name 'Line2D' is not defined
2024-11-09 15:02:37 - ERROR - 2024-11-09 15:02:37 - Error updating blockchain info: could not convert string to float: ''
2024-11-09 15:02:37 - ERROR - 2024-11-09 15:02:37 - Failed to reconnect. Will try again in the next update. -32601: Method not found
2024-11-09 15:02:37 - ERROR - Error updating price chart: name 'Line2D' is not defined
2024-11-09 15:02:37 - ERROR - 2024-11-09 15:02:37 - Error updating blockchain info: could not convert string to float: ''
2024-11-09 15:02:37 - ERROR - 2024-11-09 15:02:37 - Failed to reconnect. Will try again in the next update. -32601: Method not found
2024-11-09 15:03:43 - ERROR - Error updating price chart: 'Bitcoin Price'
2024-11-09 15:03:43 - ERROR - 2024-11-09 15:03:43 - Error updating blockchain info: could not convert string to float: ''
2024-11-09 15:03:43 - ERROR - 2024-11-09 15:03:43 - Failed to reconnect. Will try again in the next update. -32601: Method not found
2024-11-09 15:03:44 - ERROR - Error updating price chart: 'Bitcoin Price'
2024-11-09 15:03:44 - ERROR - 2024-11-09 15:03:44 - Error updating blockchain info: could not convert string to float: ''
2024-11-09 15:03:44 - ERROR - 2024-11-09 15:03:44 - Failed to reconnect. Will try again in the next update. -32601: Method not found
2024-11-09 15:05:07 - ERROR - Error updating price chart: 'Bitcoin Price'
2024-11-09 15:05:08 - ERROR - 2024-11-09 15:05:08 - Error updating blockchain info: could not convert string to float: ''
2024-11-09 15:05:08 - ERROR - 2024-11-09 15:05:08 - Failed to reconnect. Will try again in the next update. -32601: Method not found
2024-11-09 15:05:08 - ERROR - Error updating price chart: 'Bitcoin Price'
2024-11-09 15:05:08 - ERROR - 2024-11-09 15:05:08 - Error updating blockchain info: could not convert string to float: ''
2024-11-09 15:05:08 - ERROR - 2024-11-09 15:05:08 - Failed to reconnect. Will try again in the next update. -32601: Method not found
2024-11-09 15:06:04 - ERROR - Error updating price chart: 'Bitcoin Price'
2024-11-09 15:06:05 - ERROR - 2024-11-09 15:06:05 - Error updating blockchain info: could not convert string to float: ''
2024-11-09 15:06:05 - ERROR - 2024-11-09 15:06:05 - Failed to reconnect. Will try again in the next update. -32601: Method not found
2024-11-09 15:06:05 - ERROR - Error fetching price data: 429 Client Error: Too Many Requests for url: https://api.coingecko.com/api/v3/simple/price?ids=bitcoin&vs_currencies=usd
2024-11-09 15:06:05 - ERROR - Error updating price chart: '>=' not supported between instances of 'NoneType' and 'int'
2024-11-09 15:06:05 - ERROR - 2024-11-09 15:06:05 - Error updating blockchain info: could not convert string to float: ''
2024-11-09 15:06:05 - ERROR - 2024-11-09 15:06:05 - Failed to reconnect. Will try again in the next update. -32601: Method not found
2024-11-09 15:06:55 - ERROR - Error fetching price data: 429 Client Error: Too Many Requests for url: https://api.coingecko.com/api/v3/simple/price?ids=bitcoin&vs_currencies=usd
2024-11-09 15:06:55 - ERROR - Error updating price chart: '>=' not supported between instances of 'NoneType' and 'int'
2024-11-09 15:06:55 - ERROR - 2024-11-09 15:06:55 - Error updating blockchain info: could not convert string to float: ''
2024-11-09 15:06:55 - ERROR - 2024-11-09 15:06:55 - Failed to reconnect. Will try again in the next update. -32601: Method not found
2024-11-09 15:06:55 - ERROR - Error fetching price data: 429 Client Error: Too Many Requests for url: https://api.coingecko.com/api/v3/simple/price?ids=bitcoin&vs_currencies=usd
2024-11-09 15:06:55 - ERROR - Error updating price chart: '>=' not supported between instances of 'NoneType' and 'int'
2024-11-09 15:06:55 - ERROR - 2024-11-09 15:06:55 - Error updating blockchain info: could not convert string to float: ''
2024-11-09 15:06:55 - ERROR - 2024-11-09 15:06:55 - Failed to reconnect. Will try again in the next update. -32601: Method not found
2024-11-09 15:10:14 - ERROR - Error updating price chart: 'Bitcoin Price'
2024-11-09 15:10:14 - ERROR - 2024-11-09 15:10:14 - Error updating blockchain info: could not convert string to float: ''
2024-11-09 15:10:14 - ERROR - 2024-11-09 15:10:14 - Failed to reconnect. Will try again in the next update. -32601: Method not found
2024-11-09 15:10:14 - ERROR - Error updating price chart: 'Bitcoin Price'
2024-11-09 15:10:14 - ERROR - 2024-11-09 15:10:14 - Error updating blockchain info: could not convert string to float: ''
2024-11-09 15:10:14 - ERROR - 2024-11-09 15:10:14 - Failed to reconnect. Will try again in the next update. -32601: Method not found
